<?xml version="1.0" encoding="UTF-8"?>
<!-- Generated by org.testng.reporters.JUnitReportReporter -->
<testsuite hostname="C02Q55ASFVH8" name="com.wheelchimp.samples.WheelChimpApiTests" tests="1" failures="0" timestamp="6 Feb 2018 06:31:40 GMT" time="107.075" errors="0">
  <testcase name="testCookieForAuth" time="107.075" classname="com.wheelchimp.samples.WheelChimpApiTests"/>
</testsuite> <!-- com.wheelchimp.samples.WheelChimpApiTests -->
