<?xml version="1.0" encoding="UTF-8"?>
<!-- Generated by org.testng.reporters.JUnitReportReporter -->
<testsuite hostname="Kapils-MacBook-Pro.local" name="com.wheelchimp.samples.WheelChimpTests" tests="1" failures="0" timestamp="25 Jan 2018 07:20:34 GMT" time="10.940" errors="0">
  <testcase name="testHomePage" time="10.940" classname="com.wheelchimp.samples.WheelChimpTests"/>
</testsuite> <!-- com.wheelchimp.samples.WheelChimpTests -->
